<?xml version="1.0" encoding="UTF-8"?>
<!-- Generated by org.testng.reporters.JUnitReportReporter -->
<testsuite hostname="ad-PC" name="TestScripts.Flights" tests="1" failures="0" timestamp="5 Oct 2016 12:05:38 GMT" time="30.614" errors="0">
  <testcase name="f" time="30.614" classname="TestScripts.Flights"/>
</testsuite> <!-- TestScripts.Flights -->
